2025-02-25 19:39:24,966 - INFO - ====== WebDriver manager ======
2025-02-25 19:39:25,096 - INFO - Get LATEST chromedriver version for google-chrome
2025-02-25 19:39:26,085 - INFO - Get LATEST chromedriver version for google-chrome
2025-02-25 19:39:27,070 - INFO - Driver [/home/fanfan/.wdm/drivers/chromedriver/linux64/133.0.6943.126/chromedriver-linux64/chromedriver] found in cache
2025-02-25 19:39:27,901 - INFO - [31m[1mWARNING: This is a development server. Do not use it in a production deployment. Use a production WSGI server instead.[0m
 * Running on all addresses (0.0.0.0)
 * Running on http://127.0.0.1:5002
 * Running on http://10.2.0.2:5002
2025-02-25 19:39:27,901 - INFO - [33mPress CTRL+C to quit[0m
2025-02-25 19:39:27,902 - INFO -  * Restarting with stat
2025-02-25 19:39:28,713 - INFO - ====== WebDriver manager ======
2025-02-25 19:39:28,833 - INFO - Get LATEST chromedriver version for google-chrome
2025-02-25 19:39:29,813 - INFO - Get LATEST chromedriver version for google-chrome
2025-02-25 19:39:30,602 - INFO - Driver [/home/fanfan/.wdm/drivers/chromedriver/linux64/133.0.6943.126/chromedriver-linux64/chromedriver] found in cache
2025-02-25 19:39:31,035 - WARNING -  * Debugger is active!
2025-02-25 19:39:31,035 - INFO -  * Debugger PIN: 963-818-836
2025-02-25 19:41:15,710 - INFO -  * Detected change in '/home/fanfan/fanfan/scraping/scrap_service/carlistmy_service/database.py', reloading
2025-02-25 19:41:15,879 - INFO -  * Restarting with stat
2025-02-25 19:41:16,778 - INFO - ====== WebDriver manager ======
2025-02-25 19:41:16,904 - INFO - Get LATEST chromedriver version for google-chrome
2025-02-25 19:41:17,901 - INFO - Get LATEST chromedriver version for google-chrome
2025-02-25 19:41:18,511 - INFO - Driver [/home/fanfan/.wdm/drivers/chromedriver/linux64/133.0.6943.126/chromedriver-linux64/chromedriver] found in cache
2025-02-25 19:42:02,954 - INFO - ====== WebDriver manager ======
2025-02-25 19:42:03,078 - INFO - Get LATEST chromedriver version for google-chrome
2025-02-25 19:42:04,278 - INFO - Get LATEST chromedriver version for google-chrome
2025-02-25 19:42:05,075 - INFO - Driver [/home/fanfan/.wdm/drivers/chromedriver/linux64/133.0.6943.126/chromedriver-linux64/chromedriver] found in cache
2025-02-25 19:42:16,630 - INFO - ====== WebDriver manager ======
2025-02-25 19:42:16,753 - INFO - Get LATEST chromedriver version for google-chrome
2025-02-25 19:42:17,742 - INFO - Get LATEST chromedriver version for google-chrome
2025-02-25 19:42:18,727 - INFO - Driver [/home/fanfan/.wdm/drivers/chromedriver/linux64/133.0.6943.126/chromedriver-linux64/chromedriver] found in cache
2025-02-25 19:42:31,954 - INFO - ====== WebDriver manager ======
2025-02-25 19:42:32,079 - INFO - Get LATEST chromedriver version for google-chrome
2025-02-25 19:42:32,875 - INFO - Get LATEST chromedriver version for google-chrome
2025-02-25 19:42:33,670 - INFO - Driver [/home/fanfan/.wdm/drivers/chromedriver/linux64/133.0.6943.126/chromedriver-linux64/chromedriver] found in cache
2025-02-25 19:42:57,513 - INFO - ====== WebDriver manager ======
2025-02-25 19:42:57,641 - INFO - Get LATEST chromedriver version for google-chrome
2025-02-25 19:42:58,630 - INFO - Get LATEST chromedriver version for google-chrome
2025-02-25 19:42:59,417 - INFO - Driver [/home/fanfan/.wdm/drivers/chromedriver/linux64/133.0.6943.126/chromedriver-linux64/chromedriver] found in cache
2025-02-25 19:44:16,277 - INFO - ====== WebDriver manager ======
2025-02-25 19:44:16,411 - INFO - Get LATEST chromedriver version for google-chrome
2025-02-25 19:44:17,421 - INFO - Get LATEST chromedriver version for google-chrome
2025-02-25 19:44:18,422 - INFO - Driver [/home/fanfan/.wdm/drivers/chromedriver/linux64/133.0.6943.126/chromedriver-linux64/chromedriver] found in cache
2025-02-25 19:44:19,272 - INFO - [31m[1mWARNING: This is a development server. Do not use it in a production deployment. Use a production WSGI server instead.[0m
 * Running on all addresses (0.0.0.0)
 * Running on http://127.0.0.1:5002
 * Running on http://10.2.0.2:5002
2025-02-25 19:44:19,272 - INFO - [33mPress CTRL+C to quit[0m
2025-02-25 19:44:19,273 - INFO -  * Restarting with stat
2025-02-25 19:44:20,273 - INFO - ====== WebDriver manager ======
2025-02-25 19:44:20,389 - INFO - Get LATEST chromedriver version for google-chrome
2025-02-25 19:44:27,535 - INFO - ====== WebDriver manager ======
2025-02-25 19:44:27,663 - INFO - Get LATEST chromedriver version for google-chrome
2025-02-25 19:44:28,654 - INFO - Get LATEST chromedriver version for google-chrome
2025-02-25 19:44:29,261 - INFO - Driver [/home/fanfan/.wdm/drivers/chromedriver/linux64/133.0.6943.126/chromedriver-linux64/chromedriver] found in cache
2025-02-25 19:44:36,244 - INFO - ====== WebDriver manager ======
2025-02-25 19:44:36,374 - INFO - Get LATEST chromedriver version for google-chrome
2025-02-25 19:44:37,166 - INFO - Get LATEST chromedriver version for google-chrome
2025-02-25 19:44:37,967 - INFO - Driver [/home/fanfan/.wdm/drivers/chromedriver/linux64/133.0.6943.126/chromedriver-linux64/chromedriver] found in cache
2025-02-25 19:44:38,811 - INFO - [31m[1mWARNING: This is a development server. Do not use it in a production deployment. Use a production WSGI server instead.[0m
 * Running on all addresses (0.0.0.0)
 * Running on http://127.0.0.1:5002
 * Running on http://10.2.0.2:5002
2025-02-25 19:44:38,811 - INFO - [33mPress CTRL+C to quit[0m
2025-02-25 19:44:38,812 - INFO -  * Restarting with stat
2025-02-25 19:44:39,664 - INFO - ====== WebDriver manager ======
2025-02-25 19:44:39,786 - INFO - Get LATEST chromedriver version for google-chrome
2025-02-25 19:44:40,902 - INFO - Get LATEST chromedriver version for google-chrome
2025-02-25 19:44:41,918 - INFO - Driver [/home/fanfan/.wdm/drivers/chromedriver/linux64/133.0.6943.126/chromedriver-linux64/chromedriver] found in cache
2025-02-25 19:44:42,387 - WARNING -  * Debugger is active!
2025-02-25 19:44:42,387 - INFO -  * Debugger PIN: 963-818-836
2025-02-25 19:44:52,731 - INFO - 🔄 Scraping direset dan siap dimulai kembali.
2025-02-25 19:44:52,735 - INFO - 🚀 Mulai scraping brand: bmw
2025-02-25 19:44:52,736 - INFO - 📄 Scraping halaman 1: https://www.carlist.my/used-cars-for-sale/bmw/malaysia?page_size=25&page_number=1
2025-02-25 19:44:52,736 - INFO - 📄 Mengambil listing dari: https://www.carlist.my/used-cars-for-sale/bmw/malaysia?page_size=25&page_number=1
2025-02-25 19:45:15,087 - INFO - ✅ Ditemukan 25 listing URLs.
2025-02-25 19:45:15,087 - INFO - 🔍 Mengambil detail dari: https://www.carlist.my/used-cars/bmw-530e-2-0-m-sport-sedan-full-convert-m5-lci-akrapovic-exhaust-keyless-entry-active-cruise-control-powerboot-leather-seats-reverse-camera-3wrty/16266877
2025-02-25 19:45:26,509 - ERROR - ❌ Error menyimpan atau memperbarui data ke database: invalid input syntax for type numeric: "RM 101,800"
LINE 4: ...ebruary 25, 2025', 'Kuala Lumpur Old Klang Road', 'RM 101,80...
                                                             ^

2025-02-25 19:45:26,510 - INFO - 🔍 Mengambil detail dari: https://www.carlist.my/used-cars/bmw-320i-2-0-m-sport-sedan-full-convert-m3-high-specs-nice-sport-rims-leather-seat-auto-cruise-side-mirror-carbon-fiber-3wrty/15035686
2025-02-25 19:45:34,147 - ERROR - ❌ Error menyimpan atau memperbarui data ke database: invalid input syntax for type numeric: "RM 82,800"
LINE 4: ...ebruary 25, 2025', 'Kuala Lumpur Old Klang Road', 'RM 82,800...
                                                             ^

2025-02-25 19:45:34,147 - INFO - 🔍 Mengambil detail dari: https://www.carlist.my/used-cars/bmw-740le-sport-2-0l-new-facelift-f-service-rec-2yrs-wrrty-fulloan/15566368
2025-02-25 19:45:42,338 - ERROR - ❌ Error menyimpan atau memperbarui data ke database: invalid input syntax for type numeric: "RM 109,900"
LINE 4: ...pdated on: February 25, 2025', 'Selangor Cheras', 'RM 109,90...
                                                             ^

2025-02-25 19:45:42,338 - INFO - 🔍 Mengambil detail dari: https://www.carlist.my/used-cars/2018-bmw-318i-1-5-luxury-sedan/16065570
2025-02-25 19:50:44,974 - INFO - ====== WebDriver manager ======
2025-02-25 19:50:45,105 - INFO - Get LATEST chromedriver version for google-chrome
2025-02-25 19:50:46,089 - INFO - Get LATEST chromedriver version for google-chrome
2025-02-25 19:50:46,883 - INFO - Driver [/home/fanfan/.wdm/drivers/chromedriver/linux64/133.0.6943.126/chromedriver-linux64/chromedriver] found in cache
2025-02-25 19:50:47,722 - INFO - [31m[1mWARNING: This is a development server. Do not use it in a production deployment. Use a production WSGI server instead.[0m
 * Running on all addresses (0.0.0.0)
 * Running on http://127.0.0.1:5002
 * Running on http://10.2.0.2:5002
2025-02-25 19:50:47,722 - INFO - [33mPress CTRL+C to quit[0m
2025-02-25 19:50:47,724 - INFO -  * Restarting with stat
2025-02-25 19:50:48,668 - INFO - ====== WebDriver manager ======
2025-02-25 19:50:48,781 - INFO - Get LATEST chromedriver version for google-chrome
2025-02-25 19:50:49,604 - INFO - Get LATEST chromedriver version for google-chrome
2025-02-25 19:50:50,618 - INFO - Driver [/home/fanfan/.wdm/drivers/chromedriver/linux64/133.0.6943.126/chromedriver-linux64/chromedriver] found in cache
2025-02-25 19:50:51,146 - WARNING -  * Debugger is active!
2025-02-25 19:50:51,146 - INFO -  * Debugger PIN: 963-818-836
2025-02-25 19:50:51,165 - INFO - 🔄 Scraping direset dan siap dimulai kembali.
2025-02-25 19:50:51,169 - INFO - 🚀 Mulai scraping brand: bmw
2025-02-25 19:50:51,170 - INFO - 📄 Scraping halaman 1: https://www.carlist.my/used-cars-for-sale/bmw/malaysia?page_size=25&page_number=1
2025-02-25 19:50:51,170 - INFO - 📄 Mengambil listing dari: https://www.carlist.my/used-cars-for-sale/bmw/malaysia?page_size=25&page_number=1
2025-02-25 19:51:12,164 - INFO - ✅ Ditemukan 25 listing URLs.
2025-02-25 19:51:12,164 - INFO - 🔍 Mengambil detail dari: https://www.carlist.my/used-cars/2022-bmw-x7-3-0-xdrive40i-m-sport-luxury-suv-bmw-premium-selection/15427560
2025-02-25 19:51:23,647 - INFO - 🔍 Mengambil detail dari: https://www.carlist.my/used-cars/2024-demo-unit-bmw-x4-2-0-xdrive30i-m-sport-suv/16489626
2025-02-25 19:51:30,461 - INFO - 🔍 Mengambil detail dari: https://www.carlist.my/used-cars/bmw-530i-m-sport-2-0-turbo-2yrs-warranty-fulloan/16365234
2025-02-25 19:51:38,011 - INFO - 🔍 Mengambil detail dari: https://www.carlist.my/used-cars/2018-bmw-x5-2-0-xdrive40e-m-sport-a/15861231
2025-02-25 19:51:49,231 - INFO - 🔍 Mengambil detail dari: https://www.carlist.my/used-cars/2018-bmw-530e-2-0-sport-line-iperformance-sedan/16447917
2025-02-25 19:51:56,719 - INFO - 🔍 Mengambil detail dari: https://www.carlist.my/used-cars/2018-bmw-318i-1-5-luxury-sedan/16065570
2025-02-25 19:52:06,357 - INFO - 🔍 Mengambil detail dari: https://www.carlist.my/used-cars/2015-bmw-520i-2-0-sedan-original-mileage/13818015
2025-02-25 19:52:17,947 - INFO - 🔍 Mengambil detail dari: https://www.carlist.my/used-cars/2022-bmw-i7/14073154?bmw=true
2025-02-25 19:52:28,677 - INFO - 🔍 Mengambil detail dari: https://www.carlist.my/used-cars/2019-bmw-x1-2-0-sdrive20i-sport-new-facelift-free-1-year-warranty-service/15968682
2025-02-25 19:52:37,411 - INFO - 🔍 Mengambil detail dari: https://www.carlist.my/used-cars/2014-bmw-328i-2-0-gt-sport-line-hatchback/16390556
2025-02-25 19:52:44,945 - INFO - 🔍 Mengambil detail dari: https://www.carlist.my/used-cars/2021-bmw-530i-2-0-m-sport-sedan-full-service-bmw-low-mileage/16468721
2025-02-25 19:52:56,327 - INFO - 🔍 Mengambil detail dari: https://www.carlist.my/used-cars/bmw-740le-sport-2-0l-new-facelift-f-service-rec-2yrs-wrrty-fulloan/15566368
2025-02-25 19:53:03,617 - INFO - 🔍 Mengambil detail dari: https://www.carlist.my/used-cars/2023-bmw-x3-2-0-xdrive30e-m-sport-suv/14417082
2025-02-25 19:53:10,376 - INFO - 🔍 Mengambil detail dari: https://www.carlist.my/used-cars/2018-bmw-330e-2-0-sedan/16436882?carsome=true
2025-02-25 19:53:20,878 - INFO - 🔍 Mengambil detail dari: https://www.carlist.my/used-cars/2019-bmw-x3-2-0-xdrive30i-luxury-suv-full-service-record-bmw-1-owner-warranty-bmw-free-tinted-full-tank-service/16033863
2025-02-25 19:53:32,948 - INFO - 🔍 Mengambil detail dari: https://www.carlist.my/used-cars/2024-bmw-i5-0-0-edrive40-m-sport-sedan/14521500
2025-02-25 19:53:42,211 - INFO - 🔍 Mengambil detail dari: https://www.carlist.my/used-cars/bmw-530e-2-0-m-sport-sedan-full-convert-m5-lci-akrapovic-exhaust-keyless-entry-active-cruise-control-powerboot-leather-seats-reverse-camera-3wrty/16266877
2025-02-25 19:53:49,553 - INFO - 🔍 Mengambil detail dari: https://www.carlist.my/used-cars/2018-bmw-330e-2-0-m-sport-sedan-come-with-warranty-original-m-sport-sunroof/16422239
2025-02-25 19:54:00,687 - INFO - 🔍 Mengambil detail dari: https://www.carlist.my/used-cars/2023-bmw-530e-2-0-m-sport-sedan-offer-promosi-hebat/15838558
2025-02-25 19:54:12,068 - INFO - 🔍 Mengambil detail dari: https://www.carlist.my/used-cars/2011-bmw-528i-3-0-m-sport-sedan/15415380
2025-02-25 19:54:23,375 - INFO - 🔍 Mengambil detail dari: https://www.carlist.my/used-cars/2013-bmw-528i-2-0-m-sport-a-1-year-warranty-with-certified-inspection-report/10042410
2025-02-25 19:54:35,303 - INFO - 🔍 Mengambil detail dari: https://www.carlist.my/used-cars/2016-bmw-320i-ori-sport-line-2-0-turbo-m3-bodykit-valvetronic-exhaust/16447682
2025-02-25 19:54:43,574 - INFO - 🔍 Mengambil detail dari: https://www.carlist.my/used-cars/2022-bmw-530e-2-0-m-sport-a-bmw-premium-selection/15416190
2025-02-25 19:54:52,568 - INFO - 🔍 Mengambil detail dari: https://www.carlist.my/used-cars/2020-bmw-320i-2-0-sport-sedan-under-warranty/14706842
2025-02-25 19:55:03,197 - INFO - 🔍 Mengambil detail dari: https://www.carlist.my/used-cars/bmw-320i-2-0-m-sport-sedan-full-convert-m3-high-specs-nice-sport-rims-leather-seat-auto-cruise-side-mirror-carbon-fiber-3wrty/15035686
2025-02-25 19:55:10,714 - INFO - 📄 Scraping halaman 2: https://www.carlist.my/used-cars-for-sale/bmw/malaysia?page_size=25&page_number=2
2025-02-25 19:55:10,714 - INFO - 📄 Mengambil listing dari: https://www.carlist.my/used-cars-for-sale/bmw/malaysia?page_size=25&page_number=2
2025-02-25 19:55:20,102 - INFO - ✅ Ditemukan 25 listing URLs.
2025-02-25 19:55:20,102 - INFO - 🔍 Mengambil detail dari: https://www.carlist.my/used-cars/2022-bmw-x5-3-0-xdrive45e-m-sport-suv/16476934
2025-02-25 19:55:31,592 - INFO - 🔍 Mengambil detail dari: https://www.carlist.my/used-cars/2021-bmw-530i-2-0-m-sport-sedan/16391995
2025-02-25 19:58:37,202 - INFO - ====== WebDriver manager ======
2025-02-25 19:58:37,330 - INFO - Get LATEST chromedriver version for google-chrome
2025-02-25 19:58:45,735 - INFO - Get LATEST chromedriver version for google-chrome
2025-02-25 19:58:45,827 - INFO - Driver [/home/fanfan/.wdm/drivers/chromedriver/linux64/133.0.6943.126/chromedriver-linux64/chromedriver] found in cache
2025-02-25 19:58:46,388 - INFO - [31m[1mWARNING: This is a development server. Do not use it in a production deployment. Use a production WSGI server instead.[0m
 * Running on all addresses (0.0.0.0)
 * Running on http://127.0.0.1:5002
 * Running on http://192.168.1.7:5002
2025-02-25 19:58:46,388 - INFO - [33mPress CTRL+C to quit[0m
2025-02-25 19:58:46,389 - INFO -  * Restarting with stat
2025-02-25 19:58:47,218 - INFO - ====== WebDriver manager ======
2025-02-25 19:58:47,347 - INFO - Get LATEST chromedriver version for google-chrome
2025-02-25 19:58:47,539 - INFO - Get LATEST chromedriver version for google-chrome
2025-02-25 19:58:47,719 - INFO - Driver [/home/fanfan/.wdm/drivers/chromedriver/linux64/133.0.6943.126/chromedriver-linux64/chromedriver] found in cache
2025-02-25 19:58:48,220 - WARNING -  * Debugger is active!
2025-02-25 19:58:48,221 - INFO -  * Debugger PIN: 963-818-836
2025-02-25 19:58:50,530 - INFO - 🔄 Scraping direset dan siap dimulai kembali.
2025-02-25 19:58:50,534 - INFO - 🚀 Mulai scraping brand: bmw
2025-02-25 19:58:50,534 - INFO - 📄 Scraping halaman 1: https://www.carlist.my/used-cars-for-sale/bmw/malaysia?page_size=25&page_number=1
2025-02-25 19:58:50,534 - INFO - 📄 Mengambil listing dari: https://www.carlist.my/used-cars-for-sale/bmw/malaysia?page_size=25&page_number=1
2025-02-25 19:59:05,559 - INFO - ✅ Ditemukan 25 listing URLs.
2025-02-25 19:59:05,559 - INFO - 🔍 Mengambil detail dari: https://www.carlist.my/used-cars/2019-bmw-x1-2-0-sdrive20i-sport-new-facelift-free-1-year-warranty-service/15968682
2025-02-25 19:59:11,657 - INFO - 🔍 Mengambil detail dari: https://www.carlist.my/used-cars/2021-bmw-530i-2-0-m-sport-sedan-full-service-bmw-low-mileage/16468721
2025-02-25 19:59:22,976 - INFO - 🔍 Mengambil detail dari: https://www.carlist.my/used-cars/2018-bmw-330e-2-0-sedan/16436882?carsome=true
2025-02-25 19:59:28,541 - INFO - 🔍 Mengambil detail dari: https://www.carlist.my/used-cars/2020-bmw-320i-2-0-sport-sedan-under-warranty/14706842
2025-02-25 19:59:34,524 - INFO - 🔍 Mengambil detail dari: https://www.carlist.my/used-cars/2022-bmw-x7-3-0-xdrive40i-m-sport-luxury-suv-bmw-premium-selection/15427560
2025-02-25 19:59:40,792 - INFO - 🔍 Mengambil detail dari: https://www.carlist.my/used-cars/2014-bmw-328i-2-0-gt-sport-line-hatchback/16390556
2025-02-25 19:59:47,247 - INFO - 🔍 Mengambil detail dari: https://www.carlist.my/used-cars/2024-bmw-i5-0-0-edrive40-m-sport-sedan/14521500
2025-02-25 19:59:57,648 - INFO - 🔍 Mengambil detail dari: https://www.carlist.my/used-cars/bmw-530e-2-0-m-sport-sedan-full-convert-m5-lci-akrapovic-exhaust-keyless-entry-active-cruise-control-powerboot-leather-seats-reverse-camera-3wrty/16266877
2025-02-25 20:00:03,158 - INFO - 🔍 Mengambil detail dari: https://www.carlist.my/used-cars/2024-demo-unit-bmw-x4-2-0-xdrive30i-m-sport-suv/16489626
2025-02-25 20:00:08,893 - INFO - 🔍 Mengambil detail dari: https://www.carlist.my/used-cars/2015-bmw-520i-2-0-sedan-original-mileage/13818015
2025-02-25 20:00:14,553 - INFO - 🔍 Mengambil detail dari: https://www.carlist.my/used-cars/2018-bmw-330e-2-0-m-sport-sedan-come-with-warranty-original-m-sport-sunroof/16422239
2025-02-25 20:00:21,092 - INFO - 🔍 Mengambil detail dari: https://www.carlist.my/used-cars/2018-bmw-x5-2-0-xdrive40e-m-sport-a/15861231
2025-02-25 20:00:26,603 - INFO - 🔍 Mengambil detail dari: https://www.carlist.my/used-cars/2018-bmw-x5-2-0-xdrive40e-m-sport-suv-car-king/16428259
2025-02-25 20:00:31,998 - INFO - 🔍 Mengambil detail dari: https://www.carlist.my/used-cars/2023-bmw-530e-2-0-m-sport-sedan-offer-promosi-hebat/15838558
2025-02-25 20:00:38,007 - INFO - 🔍 Mengambil detail dari: https://www.carlist.my/used-cars/2011-bmw-528i-3-0-m-sport-sedan/15415380
2025-02-25 20:00:45,165 - INFO - 🔍 Mengambil detail dari: https://www.carlist.my/used-cars/2022-bmw-i7/14073154?bmw=true
2025-02-25 20:00:51,330 - INFO - 🔍 Mengambil detail dari: https://www.carlist.my/used-cars/2023-bmw-x3-2-0-xdrive30e-m-sport-suv/14417082
2025-02-25 20:00:56,938 - INFO - 🔍 Mengambil detail dari: https://www.carlist.my/used-cars/2016-bmw-320i-ori-sport-line-2-0-turbo-m3-bodykit-valvetronic-exhaust/16447682
2025-02-25 20:01:01,851 - INFO - 127.0.0.1 - - [25/Feb/2025 20:01:01] "POST /stop/carlistmy HTTP/1.1" 200 -
2025-02-25 20:01:02,395 - INFO - ✅ Proses scraping semua brand selesai.
2025-02-25 20:01:02,395 - INFO - 127.0.0.1 - - [25/Feb/2025 20:01:02] "POST /scrape/carlistmy HTTP/1.1" 200 -
2025-02-25 20:15:39,731 - INFO - ====== WebDriver manager ======
2025-02-25 20:15:39,854 - INFO - Get LATEST chromedriver version for google-chrome
2025-02-25 20:15:40,947 - INFO - Get LATEST chromedriver version for google-chrome
2025-02-25 20:15:41,802 - INFO - Driver [/home/fanfan/.wdm/drivers/chromedriver/linux64/133.0.6943.126/chromedriver-linux64/chromedriver] found in cache
2025-02-25 20:15:42,646 - INFO - [31m[1mWARNING: This is a development server. Do not use it in a production deployment. Use a production WSGI server instead.[0m
 * Running on all addresses (0.0.0.0)
 * Running on http://127.0.0.1:5002
 * Running on http://10.2.0.2:5002
2025-02-25 20:15:42,646 - INFO - [33mPress CTRL+C to quit[0m
2025-02-25 20:15:42,647 - INFO -  * Restarting with stat
2025-02-25 20:15:43,489 - INFO - ====== WebDriver manager ======
2025-02-25 20:15:43,609 - INFO - Get LATEST chromedriver version for google-chrome
2025-02-25 20:15:44,447 - INFO - Get LATEST chromedriver version for google-chrome
2025-02-25 20:15:45,525 - INFO - Driver [/home/fanfan/.wdm/drivers/chromedriver/linux64/133.0.6943.126/chromedriver-linux64/chromedriver] found in cache
2025-02-25 20:15:46,000 - WARNING -  * Debugger is active!
2025-02-25 20:15:46,001 - INFO -  * Debugger PIN: 963-818-836
2025-02-25 20:39:20,301 - INFO -  * Detected change in '/home/fanfan/fanfan/scraping/scrap_service/mudahmy_service/mudahmy_service.py', reloading
2025-02-25 20:39:20,497 - INFO -  * Restarting with stat
2025-02-25 20:39:21,486 - INFO - ====== WebDriver manager ======
2025-02-25 20:39:21,596 - INFO - Get LATEST chromedriver version for google-chrome
2025-02-25 20:39:23,078 - INFO - Get LATEST chromedriver version for google-chrome
2025-02-25 20:39:24,034 - INFO - Driver [/home/fanfan/.wdm/drivers/chromedriver/linux64/133.0.6943.126/chromedriver-linux64/chromedriver] found in cache
2025-02-25 20:39:24,509 - WARNING -  * Debugger is active!
2025-02-25 20:39:24,510 - INFO -  * Debugger PIN: 963-818-836
2025-02-25 20:40:20,458 - INFO -  * Detected change in '/home/fanfan/fanfan/scraping/scrap_service/mudahmy_service/mudahmy_service.py', reloading
2025-02-25 20:40:20,648 - INFO -  * Restarting with stat
2025-02-25 20:40:21,595 - INFO - ====== WebDriver manager ======
2025-02-25 20:40:21,711 - INFO - Get LATEST chromedriver version for google-chrome
2025-02-25 20:40:22,677 - INFO - Get LATEST chromedriver version for google-chrome
2025-02-25 20:40:23,499 - INFO - Driver [/home/fanfan/.wdm/drivers/chromedriver/linux64/133.0.6943.126/chromedriver-linux64/chromedriver] found in cache
2025-02-25 20:40:23,993 - WARNING -  * Debugger is active!
2025-02-25 20:40:23,994 - INFO -  * Debugger PIN: 963-818-836
2025-02-25 20:43:50,450 - INFO -  * Detected change in '/home/fanfan/fanfan/scraping/scrap_service/mudahmy_service/mudahmy_service.py', reloading
2025-02-25 20:43:50,631 - INFO -  * Restarting with stat
2025-02-25 20:43:51,528 - INFO - ====== WebDriver manager ======
2025-02-25 20:43:51,639 - INFO - Get LATEST chromedriver version for google-chrome
2025-02-25 20:43:52,568 - INFO - Get LATEST chromedriver version for google-chrome
2025-02-25 20:43:53,280 - INFO - Driver [/home/fanfan/.wdm/drivers/chromedriver/linux64/133.0.6943.126/chromedriver-linux64/chromedriver] found in cache
2025-02-25 20:43:53,843 - WARNING -  * Debugger is active!
2025-02-25 20:43:53,843 - INFO -  * Debugger PIN: 963-818-836
2025-02-25 20:47:04,540 - INFO - ====== WebDriver manager ======
2025-02-25 20:47:04,656 - INFO - Get LATEST chromedriver version for google-chrome
2025-02-25 20:47:05,407 - INFO - Get LATEST chromedriver version for google-chrome
2025-02-25 20:47:06,186 - INFO - Driver [/home/fanfan/.wdm/drivers/chromedriver/linux64/133.0.6943.126/chromedriver-linux64/chromedriver] found in cache
2025-02-25 20:47:28,534 - INFO - ====== WebDriver manager ======
2025-02-25 20:47:28,663 - INFO - Get LATEST chromedriver version for google-chrome
2025-02-25 20:47:29,473 - INFO - Get LATEST chromedriver version for google-chrome
2025-02-25 20:47:30,247 - INFO - Driver [/home/fanfan/.wdm/drivers/chromedriver/linux64/133.0.6943.126/chromedriver-linux64/chromedriver] found in cache
2025-02-25 20:47:30,889 - INFO - [31m[1mWARNING: This is a development server. Do not use it in a production deployment. Use a production WSGI server instead.[0m
 * Running on all addresses (0.0.0.0)
 * Running on http://127.0.0.1:5002
 * Running on http://10.2.0.2:5002
2025-02-25 20:47:30,889 - INFO - [33mPress CTRL+C to quit[0m
2025-02-25 20:47:30,889 - INFO -  * Restarting with stat
2025-02-25 20:47:31,726 - INFO - ====== WebDriver manager ======
2025-02-25 20:47:31,851 - INFO - Get LATEST chromedriver version for google-chrome
2025-02-25 20:47:32,546 - INFO - Get LATEST chromedriver version for google-chrome
2025-02-25 20:47:33,262 - INFO - Driver [/home/fanfan/.wdm/drivers/chromedriver/linux64/133.0.6943.126/chromedriver-linux64/chromedriver] found in cache
2025-02-25 20:47:33,792 - WARNING -  * Debugger is active!
2025-02-25 20:47:33,793 - INFO -  * Debugger PIN: 963-818-836
2025-02-25 20:47:37,029 - INFO - 🔄 Scraping direset dan siap dimulai kembali.
2025-02-25 20:47:37,033 - INFO - 🚀 Mulai scraping brand: bmw
2025-02-25 20:47:37,033 - INFO - 📄 Scraping halaman 1: https://www.carlist.my/used-cars-for-sale/bmw/malaysia?page_size=25&page_number=1
2025-02-25 20:47:37,033 - INFO - 📄 Mengambil listing dari: https://www.carlist.my/used-cars-for-sale/bmw/malaysia?page_size=25&page_number=1
2025-02-25 20:47:50,222 - INFO - ✅ Ditemukan 25 listing URLs.
2025-02-25 20:47:50,222 - INFO - 🔍 Mengambil detail dari: https://www.carlist.my/used-cars/2018-bmw-x5-2-0-xdrive40e-m-sport-suv-car-king/16428259
2025-02-25 20:47:59,709 - ERROR - ❌ Error saat scraping semua brand: 'CarlistMyService' object has no attribute 'all_results'
2025-02-25 20:47:59,709 - INFO - 127.0.0.1 - - [25/Feb/2025 20:47:59] "POST /scrape/carlistmy HTTP/1.1" 200 -
2025-02-25 20:48:40,392 - INFO -  * Detected change in '/home/fanfan/fanfan/scraping/scrap_service/carlistmy_service/carlistmy_service.py', reloading
2025-02-25 20:48:40,587 - INFO -  * Restarting with stat
2025-02-25 20:48:41,484 - INFO - ====== WebDriver manager ======
2025-02-25 20:48:41,622 - INFO - Get LATEST chromedriver version for google-chrome
2025-02-25 20:48:42,344 - INFO - Get LATEST chromedriver version for google-chrome
2025-02-25 20:48:44,400 - INFO - ====== WebDriver manager ======
2025-02-25 20:48:44,522 - INFO - Get LATEST chromedriver version for google-chrome
2025-02-25 20:48:45,247 - INFO - Get LATEST chromedriver version for google-chrome
2025-02-25 20:48:45,926 - INFO - Driver [/home/fanfan/.wdm/drivers/chromedriver/linux64/133.0.6943.126/chromedriver-linux64/chromedriver] found in cache
2025-02-25 20:48:46,571 - INFO - [31m[1mWARNING: This is a development server. Do not use it in a production deployment. Use a production WSGI server instead.[0m
 * Running on all addresses (0.0.0.0)
 * Running on http://127.0.0.1:5002
 * Running on http://10.2.0.2:5002
2025-02-25 20:48:46,572 - INFO - [33mPress CTRL+C to quit[0m
2025-02-25 20:48:46,573 - INFO -  * Restarting with stat
2025-02-25 20:48:47,473 - INFO - ====== WebDriver manager ======
2025-02-25 20:48:47,594 - INFO - Get LATEST chromedriver version for google-chrome
2025-02-25 20:48:48,285 - INFO - Get LATEST chromedriver version for google-chrome
2025-02-25 20:48:49,083 - INFO - Driver [/home/fanfan/.wdm/drivers/chromedriver/linux64/133.0.6943.126/chromedriver-linux64/chromedriver] found in cache
2025-02-25 20:48:49,762 - WARNING -  * Debugger is active!
2025-02-25 20:48:49,762 - INFO -  * Debugger PIN: 963-818-836
2025-02-25 20:49:01,210 - INFO - 127.0.0.1 - - [25/Feb/2025 20:49:01] "POST /stop/carlistmy HTTP/1.1" 200 -
2025-02-25 20:49:08,725 - INFO - 🔄 Scraping direset dan siap dimulai kembali.
2025-02-25 20:49:08,728 - INFO - 🚀 Mulai scraping brand: bmw
2025-02-25 20:49:08,728 - INFO - 📄 Scraping halaman 1: https://www.carlist.my/used-cars-for-sale/bmw/malaysia?page_size=25&page_number=1
2025-02-25 20:49:08,729 - INFO - 📄 Mengambil listing dari: https://www.carlist.my/used-cars-for-sale/bmw/malaysia?page_size=25&page_number=1
2025-02-25 20:50:29,917 - INFO - ✅ Ditemukan 25 listing URLs.
2025-02-25 20:50:29,917 - INFO - 🔍 Mengambil detail dari: https://www.carlist.my/used-cars/2018-bmw-x5-2-0-xdrive40e-m-sport-suv-car-king/16428259
2025-02-25 20:50:40,574 - ERROR - ❌ Error saat scraping semua brand: 'CarlistMyService' object has no attribute 'all_results'
2025-02-25 20:50:40,575 - INFO - 127.0.0.1 - - [25/Feb/2025 20:50:40] "POST /scrape/carlistmy HTTP/1.1" 200 -
2025-02-25 20:51:18,202 - INFO -  * Detected change in '/home/fanfan/fanfan/scraping/scrap_service/carlistmy_service/carlistmy_service.py', reloading
2025-02-25 20:51:18,381 - INFO -  * Restarting with stat
2025-02-25 20:51:19,264 - INFO - ====== WebDriver manager ======
2025-02-25 20:51:19,379 - INFO - Get LATEST chromedriver version for google-chrome
2025-02-25 20:51:20,453 - INFO - Get LATEST chromedriver version for google-chrome
2025-02-25 20:51:21,233 - INFO - Driver [/home/fanfan/.wdm/drivers/chromedriver/linux64/133.0.6943.126/chromedriver-linux64/chromedriver] found in cache
2025-02-25 20:51:21,689 - WARNING -  * Debugger is active!
2025-02-25 20:51:21,690 - INFO -  * Debugger PIN: 963-818-836
2025-02-25 20:51:32,658 - INFO - 127.0.0.1 - - [25/Feb/2025 20:51:32] "[35m[1mPOST /scrape/carlistmy HTTP/1.1[0m" 500 -
2025-02-25 20:52:07,428 - INFO -  * Detected change in '/home/fanfan/fanfan/scraping/scrap_service/carlistmy_service/carlistmy_service.py', reloading
2025-02-25 20:52:07,588 - INFO -  * Restarting with stat
2025-02-25 20:52:08,455 - INFO - ====== WebDriver manager ======
2025-02-25 20:52:08,567 - INFO - Get LATEST chromedriver version for google-chrome
2025-02-25 20:52:09,442 - INFO - Get LATEST chromedriver version for google-chrome
2025-02-25 20:52:10,229 - INFO - Driver [/home/fanfan/.wdm/drivers/chromedriver/linux64/133.0.6943.126/chromedriver-linux64/chromedriver] found in cache
2025-02-25 20:52:10,723 - WARNING -  * Debugger is active!
2025-02-25 20:52:10,723 - INFO -  * Debugger PIN: 963-818-836
2025-02-25 20:56:53,790 - INFO - ====== WebDriver manager ======
2025-02-25 20:56:53,935 - INFO - Get LATEST chromedriver version for google-chrome
2025-02-25 20:56:55,080 - INFO - Get LATEST chromedriver version for google-chrome
2025-02-25 20:56:56,001 - INFO - Driver [/home/fanfan/.wdm/drivers/chromedriver/linux64/133.0.6943.126/chromedriver-linux64/chromedriver] found in cache
2025-02-25 20:56:56,701 - INFO - [31m[1mWARNING: This is a development server. Do not use it in a production deployment. Use a production WSGI server instead.[0m
 * Running on all addresses (0.0.0.0)
 * Running on http://127.0.0.1:5002
 * Running on http://10.2.0.2:5002
2025-02-25 20:56:56,701 - INFO - [33mPress CTRL+C to quit[0m
2025-02-25 20:56:56,703 - INFO -  * Restarting with stat
2025-02-25 20:56:57,548 - INFO - ====== WebDriver manager ======
2025-02-25 20:56:57,676 - INFO - Get LATEST chromedriver version for google-chrome
2025-02-25 20:56:58,478 - INFO - Get LATEST chromedriver version for google-chrome
2025-02-25 20:56:59,255 - INFO - Driver [/home/fanfan/.wdm/drivers/chromedriver/linux64/133.0.6943.126/chromedriver-linux64/chromedriver] found in cache
2025-02-25 20:56:59,693 - WARNING -  * Debugger is active!
2025-02-25 20:56:59,693 - INFO -  * Debugger PIN: 963-818-836
2025-02-25 20:57:05,242 - INFO - 🔄 Scraping direset dan siap dimulai kembali.
2025-02-25 20:57:05,245 - INFO - 🚀 Mulai scraping brand: bmw
2025-02-25 20:57:05,245 - INFO - 📄 Scraping halaman 1: https://www.carlist.my/used-cars-for-sale/bmw/malaysia?page_size=25&page_number=1
2025-02-25 20:57:05,245 - INFO - 📄 Mengambil listing dari: https://www.carlist.my/used-cars-for-sale/bmw/malaysia?page_size=25&page_number=1
2025-02-25 20:58:11,992 - INFO - ✅ Ditemukan 25 listing URLs.
2025-02-25 20:58:11,993 - INFO - 🔍 Mengambil detail dari: https://www.carlist.my/used-cars/2023-bmw-i7-0-0-xdrive60-m-sport-sedan/14155649
2025-02-25 20:58:13,127 - INFO - 127.0.0.1 - - [25/Feb/2025 20:58:13] "POST /stop/carlistmy HTTP/1.1" 200 -
2025-02-25 20:58:19,627 - INFO - ✅ Proses scraping semua brand selesai.
2025-02-25 20:58:19,628 - INFO - 127.0.0.1 - - [25/Feb/2025 20:58:19] "POST /scrape/carlistmy HTTP/1.1" 200 -
2025-02-25 20:58:24,036 - INFO - 🔄 Scraping direset dan siap dimulai kembali.
2025-02-25 20:58:24,038 - INFO - 🚀 Mulai scraping brand: bmw
2025-02-25 20:58:24,039 - INFO - 📄 Scraping halaman 1: https://www.carlist.my/used-cars-for-sale/bmw/malaysia?page_size=25&page_number=1
2025-02-25 20:58:24,039 - INFO - 📄 Mengambil listing dari: https://www.carlist.my/used-cars-for-sale/bmw/malaysia?page_size=25&page_number=1
2025-02-25 20:58:32,469 - INFO - ✅ Ditemukan 25 listing URLs.
2025-02-25 20:58:32,469 - INFO - 🔍 Mengambil detail dari: https://www.carlist.my/used-cars/2020-bmw-x5-3-0-xdrive45e-m-sport-suv/16477001
2025-02-25 20:58:38,511 - INFO - 🔍 Mengambil detail dari: https://www.carlist.my/used-cars/2023-bmw-i7-0-0-xdrive60-m-sport-sedan/14155649
2025-02-25 20:58:43,862 - INFO - 🔍 Mengambil detail dari: https://www.carlist.my/used-cars/2024-bmw-ix2-0-0-xdrive30-m-sport-suv/15066020
2025-02-25 20:58:49,410 - INFO - 🔍 Mengambil detail dari: https://www.carlist.my/used-cars/2024-bmw-330i-2-0-m-sport-sedan-with-demo-unit/16313319
2025-02-25 20:58:55,081 - INFO - 🔍 Mengambil detail dari: https://www.carlist.my/used-cars/2021-bmw-320i-2-0-sport-driving-assist-pack-sedan-true-year-make-57k-km-full-service-record-under-warranty-well-kept-interior/15959426?bmw=true
2025-02-25 20:59:00,879 - INFO - 🔍 Mengambil detail dari: https://www.carlist.my/used-cars/2021-bmw-x1-2-0-sdrive20i-m-sport-suv-warranty-till-2026-full-service-record-5-yrs-unlimited-mileage-warranty-5-yrs-or-100k-km-mileage-free-service/15009030
2025-02-25 20:59:06,843 - INFO - 🔍 Mengambil detail dari: https://www.carlist.my/used-cars/2017-bmw-x1-2-0-sdrive20i-sport-line-suv-a-full-leather-seats-paddle-shifter/16241857
2025-02-25 20:59:12,784 - INFO - 🔍 Mengambil detail dari: https://www.carlist.my/used-cars/2021-bmw-x1-2-0-sdrive20i-m-sport-suv-warranty-till-2026-full-service-record-5-yrs-unlimited-mileage-warranty-5-yrs-or-100k-km-mileage-free-service/15004154
2025-02-25 20:59:18,739 - INFO - 🔍 Mengambil detail dari: https://www.carlist.my/used-cars/2020-bmw-320i-2-0-m-sport-driving-assist-pack-sedan-warranty-till-2025/14961502
2025-02-25 20:59:24,804 - INFO - 🔍 Mengambil detail dari: https://www.carlist.my/used-cars/2022-bmw-330i-2-0-m-sport-high-spec-a/15165538
2025-02-25 20:59:30,622 - INFO - 🔍 Mengambil detail dari: https://www.carlist.my/used-cars/2024-bmw-320i-2-0-m-sport-sime-darby-auto-selection/14830522
2025-02-25 20:59:36,685 - INFO - 🔍 Mengambil detail dari: https://www.carlist.my/used-cars/2022-bmw-320i-2-0-sport-sedan-sime-darby-auto-selection-glenmarie/16482273
2025-02-25 20:59:42,715 - INFO - 🔍 Mengambil detail dari: https://www.carlist.my/used-cars/2013-bmw-520i/12108588?bmw=true
2025-02-25 20:59:51,024 - INFO - 🔍 Mengambil detail dari: https://www.carlist.my/used-cars/2022-bmw-x7-3-0-xdrive40i-m-sport-suv/14599953
2025-02-25 20:59:57,042 - INFO - 🔍 Mengambil detail dari: https://www.carlist.my/used-cars/2022-bmw-x1-1-5-sdrive18i-suv-sime-darby-auto-selection-glenmarie/16482252
2025-02-25 21:00:03,258 - INFO - 🔍 Mengambil detail dari: https://www.carlist.my/used-cars/2018-bmw-330e-2-0-m-sport-sedan-sime-darby-auto-selection-glenmarie/16385596
2025-02-25 21:00:08,791 - INFO - 🔍 Mengambil detail dari: https://www.carlist.my/used-cars/bmw-528i-2-0-a-m-sport-twin-turbo-new-facelift-reg2014-1-lady-owner-super-tiptop/16470495
2025-02-25 21:00:14,922 - INFO - 🔍 Mengambil detail dari: https://www.carlist.my/used-cars/2016-bmw-316i-m-sport-1-6-facelift-sedan-77kmileage-tip-top-condition-warranty-full-service/15785452
2025-02-25 21:00:20,921 - INFO - 🔍 Mengambil detail dari: https://www.carlist.my/used-cars/2021-bmw-330i-2-0-m-sport-driving-assist-pack-sedan/16437024
2025-02-25 21:00:26,856 - INFO - 🔍 Mengambil detail dari: https://www.carlist.my/used-cars/2015-bmw-316i-1-6-sedan-1owner-f-service-record/14987646
2025-02-25 21:00:33,071 - INFO - 🔍 Mengambil detail dari: https://www.carlist.my/used-cars/2017-bmw-x1-2-0-sdrive20i-sport-line-suv/15737819
2025-02-25 21:00:39,262 - INFO - 🔍 Mengambil detail dari: https://www.carlist.my/used-cars/2024-bmw-320i-2-0-m-sport-sime-darby-auto-selection/14830503
2025-02-25 21:00:45,305 - INFO - 🔍 Mengambil detail dari: https://www.carlist.my/used-cars/2013-bmw-740li-3-0-sedan-2-digit-plate-number/16491008
2025-02-25 21:00:45,689 - INFO - 127.0.0.1 - - [25/Feb/2025 21:00:45] "POST /stop/carlistmy HTTP/1.1" 200 -
2025-02-25 21:00:54,366 - INFO - ✅ Proses scraping semua brand selesai.
2025-02-25 21:00:54,367 - INFO - 127.0.0.1 - - [25/Feb/2025 21:00:54] "POST /scrape/carlistmy HTTP/1.1" 200 -
2025-02-26 10:16:07,365 - INFO - ====== WebDriver manager ======
2025-02-26 10:16:07,488 - INFO - Get LATEST chromedriver version for google-chrome
2025-02-26 10:16:08,590 - INFO - Get LATEST chromedriver version for google-chrome
2025-02-26 10:16:09,504 - INFO - There is no [linux64] chromedriver "133.0.6943.141" for browser google-chrome "133.0.6943" in cache
2025-02-26 10:16:09,504 - INFO - Get LATEST chromedriver version for google-chrome
2025-02-26 10:16:11,699 - INFO - WebDriver version 133.0.6943.141 selected
2025-02-26 10:16:11,704 - INFO - Modern chrome version https://storage.googleapis.com/chrome-for-testing-public/133.0.6943.141/linux64/chromedriver-linux64.zip
2025-02-26 10:16:11,704 - INFO - About to download new driver from https://storage.googleapis.com/chrome-for-testing-public/133.0.6943.141/linux64/chromedriver-linux64.zip
2025-02-26 10:16:12,663 - INFO - Driver downloading response is 200
2025-02-26 10:16:15,308 - INFO - Get LATEST chromedriver version for google-chrome
2025-02-26 10:16:16,372 - INFO - Driver has been saved in cache [/home/fanfan/.wdm/drivers/chromedriver/linux64/133.0.6943.141]
2025-02-26 10:16:34,351 - INFO - ====== WebDriver manager ======
2025-02-26 10:16:34,469 - INFO - Get LATEST chromedriver version for google-chrome
2025-02-26 10:16:35,388 - INFO - Get LATEST chromedriver version for google-chrome
2025-02-26 10:16:35,956 - INFO - Driver [/home/fanfan/.wdm/drivers/chromedriver/linux64/133.0.6943.141/chromedriver-linux64/chromedriver] found in cache
2025-02-26 10:16:36,705 - INFO - [31m[1mWARNING: This is a development server. Do not use it in a production deployment. Use a production WSGI server instead.[0m
 * Running on all addresses (0.0.0.0)
 * Running on http://127.0.0.1:5002
 * Running on http://10.2.0.2:5002
2025-02-26 10:16:36,706 - INFO - [33mPress CTRL+C to quit[0m
2025-02-26 10:16:36,707 - INFO -  * Restarting with stat
2025-02-26 10:16:37,378 - INFO - ====== WebDriver manager ======
2025-02-26 10:16:37,492 - INFO - Get LATEST chromedriver version for google-chrome
2025-02-26 10:16:38,420 - INFO - Get LATEST chromedriver version for google-chrome
2025-02-26 10:16:39,333 - INFO - Driver [/home/fanfan/.wdm/drivers/chromedriver/linux64/133.0.6943.141/chromedriver-linux64/chromedriver] found in cache
2025-02-26 10:16:39,675 - WARNING -  * Debugger is active!
2025-02-26 10:16:39,676 - INFO -  * Debugger PIN: 724-154-095
2025-02-26 10:16:47,820 - INFO -  * Detected change in '/home/fanfan/fanfan/scraping/scrap_service/mudahmy_service/mudahmy_service.py', reloading
2025-02-26 10:16:47,981 - INFO -  * Restarting with stat
2025-02-26 10:16:48,721 - INFO - ====== WebDriver manager ======
2025-02-26 10:16:48,842 - INFO - Get LATEST chromedriver version for google-chrome
2025-02-26 10:16:49,766 - INFO - Get LATEST chromedriver version for google-chrome
2025-02-26 10:16:50,802 - INFO - Driver [/home/fanfan/.wdm/drivers/chromedriver/linux64/133.0.6943.141/chromedriver-linux64/chromedriver] found in cache
2025-02-26 10:16:51,165 - WARNING -  * Debugger is active!
2025-02-26 10:16:51,165 - INFO -  * Debugger PIN: 724-154-095
2025-02-26 10:17:01,559 - INFO - 🔄 Scraping direset dan siap dimulai kembali.
2025-02-26 10:17:01,571 - INFO - 🚀 Mulai scraping brand: bmw
2025-02-26 10:17:01,572 - INFO - 📄 Scraping halaman 1: https://www.carlist.my/used-cars-for-sale/bmw/malaysia?page_size=25&page_number=1
2025-02-26 10:17:01,572 - INFO - 📄 Mengambil listing dari: https://www.carlist.my/used-cars-for-sale/bmw/malaysia?page_size=25&page_number=1
2025-02-26 10:17:18,718 - INFO - ✅ Ditemukan 25 listing URLs.
2025-02-26 10:17:18,718 - INFO - 🔍 Mengambil detail dari: https://www.carlist.my/used-cars/2017-bmw-530i-2-0-m-sport-sedan-g30-sunroof-8speed/16372888
2025-02-26 10:17:30,853 - INFO - 🔍 Mengambil detail dari: https://www.carlist.my/used-cars/2018-bmw-530e-2-0-sport-full-service-record-warranty-car-king-one-owner-tip-top/15990317
2025-02-26 10:17:41,841 - INFO - 🔍 Mengambil detail dari: https://www.carlist.my/used-cars/2016-bmw-520i-2-0-m-sport-sedan/14753312
2025-02-26 10:17:53,236 - INFO - 🔍 Mengambil detail dari: https://www.carlist.my/used-cars/2013-bmw-316i-1-6-a-ckd/10420625
2025-02-26 10:18:04,008 - INFO - 🔍 Mengambil detail dari: https://www.carlist.my/used-cars/2014-18-bmw-528i-2-0-m-sport-sedan-convert-g30-low-mileage-smooth-engine-360cam-full0an-1owner/16447906
2025-02-26 10:18:13,882 - INFO - 🔍 Mengambil detail dari: https://www.carlist.my/used-cars/2023-bmw-xm-4-4-night-gold-line-suv/13821291
2025-02-26 10:18:26,702 - INFO - 🔍 Mengambil detail dari: https://www.carlist.my/used-cars/2023-bmw-218i-1-5-m-sport-sedan/16401216
2025-02-26 10:18:32,724 - INFO - 127.0.0.1 - - [26/Feb/2025 10:18:32] "POST /stop/carlistmy HTTP/1.1" 200 -
2025-02-26 10:18:37,115 - INFO - ✅ Proses scraping semua brand selesai.
2025-02-26 10:18:37,115 - INFO - 127.0.0.1 - - [26/Feb/2025 10:18:37] "POST /scrape/carlistmy HTTP/1.1" 200 -
2025-02-26 10:27:15,137 - INFO - ====== WebDriver manager ======
2025-02-26 10:27:15,252 - INFO - Get LATEST chromedriver version for google-chrome
2025-02-26 10:27:16,175 - INFO - Get LATEST chromedriver version for google-chrome
2025-02-26 10:27:17,096 - INFO - Driver [/home/fanfan/.wdm/drivers/chromedriver/linux64/133.0.6943.141/chromedriver-linux64/chromedriver] found in cache
2025-02-26 10:27:17,909 - INFO - [31m[1mWARNING: This is a development server. Do not use it in a production deployment. Use a production WSGI server instead.[0m
 * Running on all addresses (0.0.0.0)
 * Running on http://127.0.0.1:5002
 * Running on http://10.2.0.2:5002
2025-02-26 10:27:17,909 - INFO - [33mPress CTRL+C to quit[0m
2025-02-26 10:27:17,910 - INFO -  * Restarting with stat
2025-02-26 10:27:18,895 - INFO - ====== WebDriver manager ======
2025-02-26 10:27:19,016 - INFO - Get LATEST chromedriver version for google-chrome
2025-02-26 10:27:19,938 - INFO - Get LATEST chromedriver version for google-chrome
2025-02-26 10:27:20,864 - INFO - Driver [/home/fanfan/.wdm/drivers/chromedriver/linux64/133.0.6943.141/chromedriver-linux64/chromedriver] found in cache
2025-02-26 10:27:21,346 - WARNING -  * Debugger is active!
2025-02-26 10:27:21,346 - INFO -  * Debugger PIN: 724-154-095
2025-02-26 10:27:21,365 - INFO - 🔄 Scraping direset dan siap dimulai kembali.
2025-02-26 10:27:21,372 - INFO - 🚀 Mulai scraping brand: honda
2025-02-26 10:27:21,373 - INFO - 📄 Scraping halaman 1: https://www.carlist.my/used-cars-for-sale/honda/malaysia?page_size=25&page_number=1
2025-02-26 10:27:21,373 - INFO - 📄 Mengambil listing dari: https://www.carlist.my/used-cars-for-sale/honda/malaysia?page_size=25&page_number=1
